tv/build/intermediates/manifest_merge_blame_file/debug/processDebugMainManifest/manifest-merger-blame-debug-report.txt
1<?xml version="1.0" encoding="utf-8"?>
2<manifest xmlns:android="http://schemas.android.com/apk/res/android"
3    package="mx.utng.smarthealthmonitor.tv"
4    android:versionCode="1"
5    android:versionName="1.0" >
6
7    <uses-sdk
8        android:minSdkVersion="23"
9        android:targetSdkVersion="35" />
10    <!-- Declarar que es una app de TV -->
11    <uses-feature
11-->src/main/AndroidManifest.xml:5:5-6:35
12        android:name="android.software.leanback"
12-->src/main/AndroidManifest.xml:5:19-59
13        android:required="true" />
13-->src/main/AndroidManifest.xml:6:9-32
14    <!-- No requiere pantalla táctil -->
15    <uses-feature
15-->src/main/AndroidManifest.xml:8:5-9:36
16        android:name="android.hardware.touchscreen"
16-->src/main/AndroidManifest.xml:8:19-62
17        android:required="false" />
17-->src/main/AndroidManifest.xml:9:9-33
18
19    <uses-permission android:name="android.permission.ACCESS_NETWORK_STATE" />
19-->[com.google.android.gms:play-services-cast-framework:21.5.0] AndroidManifest.xml:6:5-79
19-->[com.google.android.gms:play-services-cast-framework:21.5.0] AndroidManifest.xml:6:22-76
20    <uses-permission android:name="android.permission.FOREGROUND_SERVICE" />
20-->[com.google.android.gms:play-services-cast-framework:21.5.0] AndroidManifest.xml:8:5-77
20-->[com.google.android.gms:play-services-cast-framework:21.5.0] AndroidManifest.xml:8:22-74
21
22    <queries>
22-->[com.google.android.gms:play-services-cast-framework:21.5.0] AndroidManifest.xml:10:5-12:15
23        <package android:name="com.google.android.gms.policy_cast_dynamite" />
23-->[com.google.android.gms:play-services-cast-framework:21.5.0] AndroidManifest.xml:11:9-79
23-->[com.google.android.gms:play-services-cast-framework:21.5.0] AndroidManifest.xml:11:18-76
24    </queries>
25
26    <permission
26-->[androidx.core:core:1.16.0] AndroidManifest.xml:22:5-24:47
27        android:name="mx.utng.smarthealthmonitor.tv.DYNAMIC_RECEIVER_NOT_EXPORTED_PERMISSION"
27-->[androidx.core:core:1.16.0] AndroidManifest.xml:23:9-81
28        android:protectionLevel="signature" />
28-->[androidx.core:core:1.16.0] AndroidManifest.xml:24:9-44
29
30    <uses-permission android:name="mx.utng.smarthealthmonitor.tv.DYNAMIC_RECEIVER_NOT_EXPORTED_PERMISSION" />
30-->[androidx.core:core:1.16.0] AndroidManifest.xml:26:5-97
30-->[androidx.core:core:1.16.0] AndroidManifest.xml:26:22-94
31    <uses-permission android:name="android.permission.INTERNET" />
31-->[com.google.android.datatransport:transport-backend-cct:3.1.3] AndroidManifest.xml:26:5-67
31-->[com.google.android.datatransport:transport-backend-cct:3.1.3] AndroidManifest.xml:26:22-64
32
33    <application
33-->src/main/AndroidManifest.xml:11:5-30:19
34        android:name="mx.utng.smarthealthmonitor.tv.SmartHealthApp"
34-->src/main/AndroidManifest.xml:12:9-39
35        android:allowBackup="true"
35-->src/main/AndroidManifest.xml:13:9-35
36        android:appComponentFactory="androidx.core.app.CoreComponentFactory"
36-->[androidx.core:core:1.16.0] AndroidManifest.xml:28:18-86
37        android:banner="@drawable/banner_tv"
37-->src/main/AndroidManifest.xml:18:9-45
38        android:debuggable="true"
39        android:extractNativeLibs="false"
40        android:icon="@mipmap/ic_launcher"
40-->src/main/AndroidManifest.xml:14:9-43
41        android:label="SmartHealth TV"
41-->src/main/AndroidManifest.xml:15:9-39
42        android:supportsRtl="true"
42-->src/main/AndroidManifest.xml:16:9-35
43        android:theme="@style/Theme.SmartHealthTV" > <!-- 320x180dp -->
43-->src/main/AndroidManifest.xml:17:9-51
44
45        <activity
45-->src/main/AndroidManifest.xml:21:9-29:20
46            android:name="mx.utng.smarthealthmonitor.tv.TVActivity"
46-->src/main/AndroidManifest.xml:21:19-74
47            android:exported="true"
47-->src/main/AndroidManifest.xml:22:13-36
48            android:label="SmartHealth TV" >
48-->src/main/AndroidManifest.xml:23:13-43
49            <intent-filter>
49-->src/main/AndroidManifest.xml:24:13-28:29
50                <action android:name="android.intent.action.MAIN" />
50-->src/main/AndroidManifest.xml:25:17-69
50-->src/main/AndroidManifest.xml:25:25-66
51                <!-- Categoría LEANBACK_LAUNCHER: aparece en launcher TV -->
52                <category android:name="android.intent.category.LEANBACK_LAUNCHER" />
52-->src/main/AndroidManifest.xml:27:17-86
52-->src/main/AndroidManifest.xml:27:27-83
53            </intent-filter>
54        </activity>
55
56        <meta-data
56-->[:app] AndroidManifest.xml:8:9-10:83
57            android:name="com.google.android.gms.cast.framework.OPTIONS_PROVIDER_CLASS_NAME"
57-->[:app] AndroidManifest.xml:9:13-93
58            android:value="mx.utng.smarthealthmonitor.cast.CastOptionsProvider" />
58-->[:app] AndroidManifest.xml:10:13-80
59
60        <receiver
60-->[com.google.android.gms:play-services-cast-framework:21.5.0] AndroidManifest.xml:15:9-125
61            android:name="com.google.android.gms.cast.framework.media.MediaIntentReceiver"
61-->[com.google.android.gms:play-services-cast-framework:21.5.0] AndroidManifest.xml:15:19-97
62            android:exported="false" />
62-->[com.google.android.gms:play-services-cast-framework:21.5.0] AndroidManifest.xml:15:98-122
63
64        <service
64-->[com.google.android.gms:play-services-cast-framework:21.5.0] AndroidManifest.xml:17:9-118
65            android:name="com.google.android.gms.cast.framework.ReconnectionService"
65-->[com.google.android.gms:play-services-cast-framework:21.5.0] AndroidManifest.xml:17:18-90
66            android:exported="false" />
66-->[com.google.android.gms:play-services-cast-framework:21.5.0] AndroidManifest.xml:17:91-115
67
68        <activity
68-->[com.google.android.gms:play-services-base:18.5.0] AndroidManifest.xml:5:9-173
69            android:name="com.google.android.gms.common.api.GoogleApiActivity"
69-->[com.google.android.gms:play-services-base:18.5.0] AndroidManifest.xml:5:19-85
70            android:exported="false"
70-->[com.google.android.gms:play-services-base:18.5.0] AndroidManifest.xml:5:146-170
71            android:theme="@android:style/Theme.Translucent.NoTitleBar" />
71-->[com.google.android.gms:play-services-base:18.5.0] AndroidManifest.xml:5:86-145
72
73        <meta-data
73-->[com.google.android.gms:play-services-basement:18.4.0] AndroidManifest.xml:6:9-122
74            android:name="com.google.android.gms.version"
74-->[com.google.android.gms:play-services-basement:18.4.0] AndroidManifest.xml:6:20-65
75            android:value="@integer/google_play_services_version" />
75-->[com.google.android.gms:play-services-basement:18.4.0] AndroidManifest.xml:6:66-119
76
77        <activity
77-->[androidx.compose.ui:ui-test-manifest:1.10.3] AndroidManifest.xml:23:9-26:79
78            android:name="androidx.activity.ComponentActivity"
78-->[androidx.compose.ui:ui-test-manifest:1.10.3] AndroidManifest.xml:24:13-63
79            android:exported="true"
79-->[androidx.compose.ui:ui-test-manifest:1.10.3] AndroidManifest.xml:25:13-36
80            android:theme="@android:style/Theme.Material.Light.NoActionBar" />
80-->[androidx.compose.ui:ui-test-manifest:1.10.3] AndroidManifest.xml:26:13-76
81        <activity
81-->[androidx.compose.ui:ui-tooling-android:1.10.3] AndroidManifest.xml:23:9-25:39
82            android:name="androidx.compose.ui.tooling.PreviewActivity"
82-->[androidx.compose.ui:ui-tooling-android:1.10.3] AndroidManifest.xml:24:13-71
83            android:exported="true" />
83-->[androidx.compose.ui:ui-tooling-android:1.10.3] AndroidManifest.xml:25:13-36
84
85        <provider
85-->[androidx.emoji2:emoji2:1.4.0] AndroidManifest.xml:24:9-32:20
86            android:name="androidx.startup.InitializationProvider"
86-->[androidx.emoji2:emoji2:1.4.0] AndroidManifest.xml:25:13-67
87            android:authorities="mx.utng.smarthealthmonitor.tv.androidx-startup"
87-->[androidx.emoji2:emoji2:1.4.0] AndroidManifest.xml:26:13-68
88            android:exported="false" >
88-->[androidx.emoji2:emoji2:1.4.0] AndroidManifest.xml:27:13-37
89            <meta-data
89-->[androidx.emoji2:emoji2:1.4.0] AndroidManifest.xml:29:13-31:52
90                android:name="androidx.emoji2.text.EmojiCompatInitializer"
90-->[androidx.emoji2:emoji2:1.4.0] AndroidManifest.xml:30:17-75
91                android:value="androidx.startup" />
91-->[androidx.emoji2:emoji2:1.4.0] AndroidManifest.xml:31:17-49
92            <meta-data
92-->[androidx.lifecycle:lifecycle-process:2.9.4] AndroidManifest.xml:29:13-31:52
93                android:name="androidx.lifecycle.ProcessLifecycleInitializer"
93-->[androidx.lifecycle:lifecycle-process:2.9.4] AndroidManifest.xml:30:17-78
94                android:value="androidx.startup" />
94-->[androidx.lifecycle:lifecycle-process:2.9.4] AndroidManifest.xml:31:17-49
95            <meta-data
95-->[androidx.profileinstaller:profileinstaller:1.4.1] AndroidManifest.xml:29:13-31:52
96                android:name="androidx.profileinstaller.ProfileInstallerInitializer"
96-->[androidx.profileinstaller:profileinstaller:1.4.1] AndroidManifest.xml:30:17-85
97                android:value="androidx.startup" />
97-->[androidx.profileinstaller:profileinstaller:1.4.1] AndroidManifest.xml:31:17-49
98        </provider>
99
100        <uses-library
100-->[androidx.window:window:1.5.0] AndroidManifest.xml:23:9-25:40
101            android:name="androidx.window.extensions"
101-->[androidx.window:window:1.5.0] AndroidManifest.xml:24:13-54
102            android:required="false" />
102-->[androidx.window:window:1.5.0] AndroidManifest.xml:25:13-37
103        <uses-library
103-->[androidx.window:window:1.5.0] AndroidManifest.xml:26:9-28:40
104            android:name="androidx.window.sidecar"
104-->[androidx.window:window:1.5.0] AndroidManifest.xml:27:13-51
105            android:required="false" />
105-->[androidx.window:window:1.5.0] AndroidManifest.xml:28:13-37
106
107        <receiver
107-->[androidx.profileinstaller:profileinstaller:1.4.1] AndroidManifest.xml:34:9-52:20
108            android:name="androidx.profileinstaller.ProfileInstallReceiver"
108-->[androidx.profileinstaller:profileinstaller:1.4.1] AndroidManifest.xml:35:13-76
109            android:directBootAware="false"
109-->[androidx.profileinstaller:profileinstaller:1.4.1] AndroidManifest.xml:36:13-44
110            android:enabled="true"
110-->[androidx.profileinstaller:profileinstaller:1.4.1] AndroidManifest.xml:37:13-35
111            android:exported="true"
111-->[androidx.profileinstaller:profileinstaller:1.4.1] AndroidManifest.xml:38:13-36
112            android:permission="android.permission.DUMP" >
112-->[androidx.profileinstaller:profileinstaller:1.4.1] AndroidManifest.xml:39:13-57
113            <intent-filter>
113-->[androidx.profileinstaller:profileinstaller:1.4.1] AndroidManifest.xml:40:13-42:29
114                <action android:name="androidx.profileinstaller.action.INSTALL_PROFILE" />
114-->[androidx.profileinstaller:profileinstaller:1.4.1] AndroidManifest.xml:41:17-91
114-->[androidx.profileinstaller:profileinstaller:1.4.1] AndroidManifest.xml:41:25-88
115            </intent-filter>
116            <intent-filter>
116-->[androidx.profileinstaller:profileinstaller:1.4.1] AndroidManifest.xml:43:13-45:29
117                <action android:name="androidx.profileinstaller.action.SKIP_FILE" />
117-->[androidx.profileinstaller:profileinstaller:1.4.1] AndroidManifest.xml:44:17-85
117-->[androidx.profileinstaller:profileinstaller:1.4.1] AndroidManifest.xml:44:25-82
118            </intent-filter>
119            <intent-filter>
119-->[androidx.profileinstaller:profileinstaller:1.4.1] AndroidManifest.xml:46:13-48:29
120                <action android:name="androidx.profileinstaller.action.SAVE_PROFILE" />
120-->[androidx.profileinstaller:profileinstaller:1.4.1] AndroidManifest.xml:47:17-88
120-->[androidx.profileinstaller:profileinstaller:1.4.1] AndroidManifest.xml:47:25-85
121            </intent-filter>
122            <intent-filter>
122-->[androidx.profileinstaller:profileinstaller:1.4.1] AndroidManifest.xml:49:13-51:29
123                <action android:name="androidx.profileinstaller.action.BENCHMARK_OPERATION" />
123-->[androidx.profileinstaller:profileinstaller:1.4.1] AndroidManifest.xml:50:17-95
123-->[androidx.profileinstaller:profileinstaller:1.4.1] AndroidManifest.xml:50:25-92
124            </intent-filter>
125        </receiver>
126
127        <service
127-->[com.google.android.datatransport:transport-backend-cct:3.1.3] AndroidManifest.xml:29:9-35:19
128            android:name="com.google.android.datatransport.runtime.backends.TransportBackendDiscovery"
128-->[com.google.android.datatransport:transport-backend-cct:3.1.3] AndroidManifest.xml:30:13-103
129            android:exported="false" >
129-->[com.google.android.datatransport:transport-backend-cct:3.1.3] AndroidManifest.xml:31:13-37
130            <meta-data
130-->[com.google.android.datatransport:transport-backend-cct:3.1.3] AndroidManifest.xml:32:13-34:39
131                android:name="backend:com.google.android.datatransport.cct.CctBackendFactory"
131-->[com.google.android.datatransport:transport-backend-cct:3.1.3] AndroidManifest.xml:33:17-94
132                android:value="cct" />
132-->[com.google.android.datatransport:transport-backend-cct:3.1.3] AndroidManifest.xml:34:17-36
133        </service>
134        <service
134-->[com.google.android.datatransport:transport-runtime:3.1.3] AndroidManifest.xml:26:9-30:19
135            android:name="com.google.android.datatransport.runtime.scheduling.jobscheduling.JobInfoSchedulerService"
135-->[com.google.android.datatransport:transport-runtime:3.1.3] AndroidManifest.xml:27:13-117
136            android:exported="false"
136-->[com.google.android.datatransport:transport-runtime:3.1.3] AndroidManifest.xml:28:13-37
137            android:permission="android.permission.BIND_JOB_SERVICE" >
137-->[com.google.android.datatransport:transport-runtime:3.1.3] AndroidManifest.xml:29:13-69
138        </service>
139
140        <receiver
140-->[com.google.android.datatransport:transport-runtime:3.1.3] AndroidManifest.xml:32:9-34:40
141            android:name="com.google.android.datatransport.runtime.scheduling.jobscheduling.AlarmManagerSchedulerBroadcastReceiver"
141-->[com.google.android.datatransport:transport-runtime:3.1.3] AndroidManifest.xml:33:13-132
142            android:exported="false" />
142-->[com.google.android.datatransport:transport-runtime:3.1.3] AndroidManifest.xml:34:13-37
143    </application>
144
145</manifest>